<?xml version="1.0" encoding="UTF-8"?>
<!-- Generated by org.testng.reporters.JUnitReportReporter -->
<testsuite hostname="Amiras-Air" failures="0" tests="2" name="com.example.TestRunner" time="21.366" errors="0" timestamp="2021-08-24T15:49:09 EDT" skipped="0">
  <testcase classname="com.example.TestRunner" name="runScenario" time="12.389"/>
  <system-out/>
  <testcase classname="com.example.TestRunner" name="runScenario" time="8.977"/>
  <system-out/>
</testsuite> <!-- com.example.TestRunner -->
