<?xml version="1.0" encoding="UTF-8"?>
<!-- Generated by org.testng.reporters.JUnitReportReporter -->
<testsuite hostname="Amiras-Air" failures="0" tests="1" name="com.wwBusinessHours.TestRunner" time="20.804" errors="0" timestamp="2021-08-24T22:14:52 EDT" skipped="0">
  <testcase classname="com.wwBusinessHours.TestRunner" name="runScenario" time="20.804"/>
  <system-out/>
</testsuite> <!-- com.wwBusinessHours.TestRunner -->
